2018-08-15 20:57:21 Error: [Cake\Http\Exception\NotFoundException] Not Found
Request URL: /pages/not_existing
Stack Trace:
#0 /Applications/MAMP/htdocs/voucher/vendor/cakephp/cakephp/src/Controller/Controller.php(596): App\Controller\PagesController->display('not_existing')
#1 /Applications/MAMP/htdocs/voucher/vendor/cakephp/cakephp/src/Http/ActionDispatcher.php(120): Cake\Controller\Controller->invokeAction()
#2 /Applications/MAMP/htdocs/voucher/vendor/cakephp/cakephp/src/Http/ActionDispatcher.php(94): Cake\Http\ActionDispatcher->_invoke(Object(App\Controller\PagesController))
#3 /Applications/MAMP/htdocs/voucher/vendor/cakephp/cakephp/src/Http/BaseApplication.php(235): Cake\Http\ActionDispatcher->dispatch(Object(Cake\Http\ServerRequest), Object(Cake\Http\Response))
#4 /Applications/MAMP/htdocs/voucher/vendor/cakephp/cakephp/src/Http/Runner.php(65): Cake\Http\BaseApplication->__invoke(Object(Cake\Http\ServerRequest), Object(Cake\Http\Response), Object(Cake\Http\Runner))
#5 /Applications/MAMP/htdocs/voucher/vendor/cakephp/cakephp/src/Http/Middleware/CsrfProtectionMiddleware.php(103): Cake\Http\Runner->__invoke(Object(Cake\Http\ServerRequest), Object(Cake\Http\Response))
#6 /Applications/MAMP/htdocs/voucher/vendor/cakephp/cakephp/src/Http/Runner.php(65): Cake\Http\Middleware\CsrfProtectionMiddleware->__invoke(Object(Cake\Http\ServerRequest), Object(Cake\Http\Response), Object(Cake\Http\Runner))
#7 /Applications/MAMP/htdocs/voucher/vendor/cakephp/cakephp/src/Routing/Middleware/RoutingMiddleware.php(156): Cake\Http\Runner->__invoke(Object(Cake\Http\ServerRequest), Object(Cake\Http\Response))
#8 /Applications/MAMP/htdocs/voucher/vendor/cakephp/cakephp/src/Http/Runner.php(65): Cake\Routing\Middleware\RoutingMiddleware->__invoke(Object(Cake\Http\ServerRequest), Object(Cake\Http\Response), Object(Cake\Http\Runner))
#9 /Applications/MAMP/htdocs/voucher/vendor/cakephp/cakephp/src/Routing/Middleware/AssetMiddleware.php(88): Cake\Http\Runner->__invoke(Object(Cake\Http\ServerRequest), Object(Cake\Http\Response))
#10 /Applications/MAMP/htdocs/voucher/vendor/cakephp/cakephp/src/Http/Runner.php(65): Cake\Routing\Middleware\AssetMiddleware->__invoke(Object(Cake\Http\ServerRequest), Object(Cake\Http\Response), Object(Cake\Http\Runner))
#11 /Applications/MAMP/htdocs/voucher/vendor/cakephp/cakephp/src/Error/Middleware/ErrorHandlerMiddleware.php(98): Cake\Http\Runner->__invoke(Object(Cake\Http\ServerRequest), Object(Cake\Http\Response))
#12 /Applications/MAMP/htdocs/voucher/vendor/cakephp/cakephp/src/Http/Runner.php(65): Cake\Error\Middleware\ErrorHandlerMiddleware->__invoke(Object(Cake\Http\ServerRequest), Object(Cake\Http\Response), Object(Cake\Http\Runner))
#13 /Applications/MAMP/htdocs/voucher/vendor/cakephp/cakephp/src/Http/Runner.php(51): Cake\Http\Runner->__invoke(Object(Cake\Http\ServerRequest), Object(Cake\Http\Response))
#14 /Applications/MAMP/htdocs/voucher/vendor/cakephp/cakephp/src/Http/Server.php(98): Cake\Http\Runner->run(Object(Cake\Http\MiddlewareQueue), Object(Cake\Http\ServerRequest), Object(Cake\Http\Response))
#15 /Applications/MAMP/htdocs/voucher/vendor/cakephp/cakephp/src/TestSuite/MiddlewareDispatcher.php(149): Cake\Http\Server->run(Object(Cake\Http\ServerRequest))
#16 /Applications/MAMP/htdocs/voucher/vendor/cakephp/cakephp/src/TestSuite/IntegrationTestCase.php(495): Cake\TestSuite\MiddlewareDispatcher->execute(Array)
#17 /Applications/MAMP/htdocs/voucher/vendor/cakephp/cakephp/src/TestSuite/IntegrationTestCase.php(375): Cake\TestSuite\IntegrationTestCase->_sendRequest('/pages/not_exis...', 'GET')
#18 /Applications/MAMP/htdocs/voucher/tests/TestCase/Controller/PagesControllerTest.php(64): Cake\TestSuite\IntegrationTestCase->get('/pages/not_exis...')
#19 [internal function]: App\Test\TestCase\Controller\PagesControllerTest->testMissingTemplate()
#20 /Applications/MAMP/htdocs/voucher/vendor/phpunit/phpunit/src/Framework/TestCase.php(1062): ReflectionMethod->invokeArgs(Object(App\Test\TestCase\Controller\PagesControllerTest), Array)
#21 /Applications/MAMP/htdocs/voucher/vendor/phpunit/phpunit/src/Framework/TestCase.php(913): PHPUnit_Framework_TestCase->runTest()
#22 /Applications/MAMP/htdocs/voucher/vendor/phpunit/phpunit/src/Framework/TestResult.php(686): PHPUnit_Framework_TestCase->runBare()
#23 /Applications/MAMP/htdocs/voucher/vendor/phpunit/phpunit/src/Framework/TestCase.php(868): PHPUnit_Framework_TestResult->run(Object(App\Test\TestCase\Controller\PagesControllerTest))
#24 /Applications/MAMP/htdocs/voucher/vendor/phpunit/phpunit/src/Framework/TestSuite.php(733): PHPUnit_Framework_TestCase->run(Object(PHPUnit_Framework_TestResult))
#25 /Applications/MAMP/htdocs/voucher/vendor/phpunit/phpunit/src/Framework/TestSuite.php(733): PHPUnit_Framework_TestSuite->run(Object(PHPUnit_Framework_TestResult))
#26 /Applications/MAMP/htdocs/voucher/vendor/phpunit/phpunit/src/TextUI/TestRunner.php(517): PHPUnit_Framework_TestSuite->run(Object(PHPUnit_Framework_TestResult))
#27 /Applications/MAMP/htdocs/voucher/vendor/phpunit/phpunit/src/TextUI/Command.php(186): PHPUnit_TextUI_TestRunner->doRun(Object(PHPUnit_Framework_TestSuite), Array, true)
#28 /Applications/MAMP/htdocs/voucher/vendor/phpunit/phpunit/src/TextUI/Command.php(116): PHPUnit_TextUI_Command->run(Array, true)
#29 /Applications/MAMP/htdocs/voucher/vendor/phpunit/phpunit/phpunit(52): PHPUnit_TextUI_Command::main()
#30 {main}


2018-08-15 20:57:21 Error: [Cake\View\Exception\MissingTemplateException] Template file "Pages/not_existing.ctp" is missing.
Exception Attributes: array (
  'file' => 'Pages/not_existing.ctp',
)
Request URL: /pages/not_existing
Stack Trace:
#0 /Applications/MAMP/htdocs/voucher/vendor/cakephp/cakephp/src/View/View.php(799): Cake\View\View->_getViewFileName('not_existing')
#1 /Applications/MAMP/htdocs/voucher/vendor/cakephp/cakephp/src/Controller/Controller.php(777): Cake\View\View->render('not_existing', NULL)
#2 /Applications/MAMP/htdocs/voucher/src/Controller/PagesController.php(61): Cake\Controller\Controller->render('not_existing')
#3 /Applications/MAMP/htdocs/voucher/vendor/cakephp/cakephp/src/Controller/Controller.php(596): App\Controller\PagesController->display('not_existing')
#4 /Applications/MAMP/htdocs/voucher/vendor/cakephp/cakephp/src/Http/ActionDispatcher.php(120): Cake\Controller\Controller->invokeAction()
#5 /Applications/MAMP/htdocs/voucher/vendor/cakephp/cakephp/src/Http/ActionDispatcher.php(94): Cake\Http\ActionDispatcher->_invoke(Object(App\Controller\PagesController))
#6 /Applications/MAMP/htdocs/voucher/vendor/cakephp/cakephp/src/Http/BaseApplication.php(235): Cake\Http\ActionDispatcher->dispatch(Object(Cake\Http\ServerRequest), Object(Cake\Http\Response))
#7 /Applications/MAMP/htdocs/voucher/vendor/cakephp/cakephp/src/Http/Runner.php(65): Cake\Http\BaseApplication->__invoke(Object(Cake\Http\ServerRequest), Object(Cake\Http\Response), Object(Cake\Http\Runner))
#8 /Applications/MAMP/htdocs/voucher/vendor/cakephp/cakephp/src/Http/Middleware/CsrfProtectionMiddleware.php(103): Cake\Http\Runner->__invoke(Object(Cake\Http\ServerRequest), Object(Cake\Http\Response))
#9 /Applications/MAMP/htdocs/voucher/vendor/cakephp/cakephp/src/Http/Runner.php(65): Cake\Http\Middleware\CsrfProtectionMiddleware->__invoke(Object(Cake\Http\ServerRequest), Object(Cake\Http\Response), Object(Cake\Http\Runner))
#10 /Applications/MAMP/htdocs/voucher/vendor/cakephp/cakephp/src/Routing/Middleware/RoutingMiddleware.php(156): Cake\Http\Runner->__invoke(Object(Cake\Http\ServerRequest), Object(Cake\Http\Response))
#11 /Applications/MAMP/htdocs/voucher/vendor/cakephp/cakephp/src/Http/Runner.php(65): Cake\Routing\Middleware\RoutingMiddleware->__invoke(Object(Cake\Http\ServerRequest), Object(Cake\Http\Response), Object(Cake\Http\Runner))
#12 /Applications/MAMP/htdocs/voucher/vendor/cakephp/cakephp/src/Routing/Middleware/AssetMiddleware.php(88): Cake\Http\Runner->__invoke(Object(Cake\Http\ServerRequest), Object(Cake\Http\Response))
#13 /Applications/MAMP/htdocs/voucher/vendor/cakephp/cakephp/src/Http/Runner.php(65): Cake\Routing\Middleware\AssetMiddleware->__invoke(Object(Cake\Http\ServerRequest), Object(Cake\Http\Response), Object(Cake\Http\Runner))
#14 /Applications/MAMP/htdocs/voucher/vendor/cakephp/cakephp/src/Error/Middleware/ErrorHandlerMiddleware.php(98): Cake\Http\Runner->__invoke(Object(Cake\Http\ServerRequest), Object(Cake\Http\Response))
#15 /Applications/MAMP/htdocs/voucher/vendor/cakephp/cakephp/src/Http/Runner.php(65): Cake\Error\Middleware\ErrorHandlerMiddleware->__invoke(Object(Cake\Http\ServerRequest), Object(Cake\Http\Response), Object(Cake\Http\Runner))
#16 /Applications/MAMP/htdocs/voucher/vendor/cakephp/cakephp/src/Http/Runner.php(51): Cake\Http\Runner->__invoke(Object(Cake\Http\ServerRequest), Object(Cake\Http\Response))
#17 /Applications/MAMP/htdocs/voucher/vendor/cakephp/cakephp/src/Http/Server.php(98): Cake\Http\Runner->run(Object(Cake\Http\MiddlewareQueue), Object(Cake\Http\ServerRequest), Object(Cake\Http\Response))
#18 /Applications/MAMP/htdocs/voucher/vendor/cakephp/cakephp/src/TestSuite/MiddlewareDispatcher.php(149): Cake\Http\Server->run(Object(Cake\Http\ServerRequest))
#19 /Applications/MAMP/htdocs/voucher/vendor/cakephp/cakephp/src/TestSuite/IntegrationTestCase.php(495): Cake\TestSuite\MiddlewareDispatcher->execute(Array)
#20 /Applications/MAMP/htdocs/voucher/vendor/cakephp/cakephp/src/TestSuite/IntegrationTestCase.php(375): Cake\TestSuite\IntegrationTestCase->_sendRequest('/pages/not_exis...', 'GET')
#21 /Applications/MAMP/htdocs/voucher/tests/TestCase/Controller/PagesControllerTest.php(78): Cake\TestSuite\IntegrationTestCase->get('/pages/not_exis...')
#22 [internal function]: App\Test\TestCase\Controller\PagesControllerTest->testMissingTemplateInDebug()
#23 /Applications/MAMP/htdocs/voucher/vendor/phpunit/phpunit/src/Framework/TestCase.php(1062): ReflectionMethod->invokeArgs(Object(App\Test\TestCase\Controller\PagesControllerTest), Array)
#24 /Applications/MAMP/htdocs/voucher/vendor/phpunit/phpunit/src/Framework/TestCase.php(913): PHPUnit_Framework_TestCase->runTest()
#25 /Applications/MAMP/htdocs/voucher/vendor/phpunit/phpunit/src/Framework/TestResult.php(686): PHPUnit_Framework_TestCase->runBare()
#26 /Applications/MAMP/htdocs/voucher/vendor/phpunit/phpunit/src/Framework/TestCase.php(868): PHPUnit_Framework_TestResult->run(Object(App\Test\TestCase\Controller\PagesControllerTest))
#27 /Applications/MAMP/htdocs/voucher/vendor/phpunit/phpunit/src/Framework/TestSuite.php(733): PHPUnit_Framework_TestCase->run(Object(PHPUnit_Framework_TestResult))
#28 /Applications/MAMP/htdocs/voucher/vendor/phpunit/phpunit/src/Framework/TestSuite.php(733): PHPUnit_Framework_TestSuite->run(Object(PHPUnit_Framework_TestResult))
#29 /Applications/MAMP/htdocs/voucher/vendor/phpunit/phpunit/src/TextUI/TestRunner.php(517): PHPUnit_Framework_TestSuite->run(Object(PHPUnit_Framework_TestResult))
#30 /Applications/MAMP/htdocs/voucher/vendor/phpunit/phpunit/src/TextUI/Command.php(186): PHPUnit_TextUI_TestRunner->doRun(Object(PHPUnit_Framework_TestSuite), Array, true)
#31 /Applications/MAMP/htdocs/voucher/vendor/phpunit/phpunit/src/TextUI/Command.php(116): PHPUnit_TextUI_Command->run(Array, true)
#32 /Applications/MAMP/htdocs/voucher/vendor/phpunit/phpunit/phpunit(52): PHPUnit_TextUI_Command::main()
#33 {main}


2018-08-15 20:57:21 Error: [Cake\Http\Exception\ForbiddenException] Forbidden
Request URL: /pages/../Layout/ajax
Stack Trace:
#0 /Applications/MAMP/htdocs/voucher/vendor/cakephp/cakephp/src/Controller/Controller.php(596): App\Controller\PagesController->display('..', 'Layout', 'ajax')
#1 /Applications/MAMP/htdocs/voucher/vendor/cakephp/cakephp/src/Http/ActionDispatcher.php(120): Cake\Controller\Controller->invokeAction()
#2 /Applications/MAMP/htdocs/voucher/vendor/cakephp/cakephp/src/Http/ActionDispatcher.php(94): Cake\Http\ActionDispatcher->_invoke(Object(App\Controller\PagesController))
#3 /Applications/MAMP/htdocs/voucher/vendor/cakephp/cakephp/src/Http/BaseApplication.php(235): Cake\Http\ActionDispatcher->dispatch(Object(Cake\Http\ServerRequest), Object(Cake\Http\Response))
#4 /Applications/MAMP/htdocs/voucher/vendor/cakephp/cakephp/src/Http/Runner.php(65): Cake\Http\BaseApplication->__invoke(Object(Cake\Http\ServerRequest), Object(Cake\Http\Response), Object(Cake\Http\Runner))
#5 /Applications/MAMP/htdocs/voucher/vendor/cakephp/cakephp/src/Http/Middleware/CsrfProtectionMiddleware.php(103): Cake\Http\Runner->__invoke(Object(Cake\Http\ServerRequest), Object(Cake\Http\Response))
#6 /Applications/MAMP/htdocs/voucher/vendor/cakephp/cakephp/src/Http/Runner.php(65): Cake\Http\Middleware\CsrfProtectionMiddleware->__invoke(Object(Cake\Http\ServerRequest), Object(Cake\Http\Response), Object(Cake\Http\Runner))
#7 /Applications/MAMP/htdocs/voucher/vendor/cakephp/cakephp/src/Routing/Middleware/RoutingMiddleware.php(156): Cake\Http\Runner->__invoke(Object(Cake\Http\ServerRequest), Object(Cake\Http\Response))
#8 /Applications/MAMP/htdocs/voucher/vendor/cakephp/cakephp/src/Http/Runner.php(65): Cake\Routing\Middleware\RoutingMiddleware->__invoke(Object(Cake\Http\ServerRequest), Object(Cake\Http\Response), Object(Cake\Http\Runner))
#9 /Applications/MAMP/htdocs/voucher/vendor/cakephp/cakephp/src/Routing/Middleware/AssetMiddleware.php(88): Cake\Http\Runner->__invoke(Object(Cake\Http\ServerRequest), Object(Cake\Http\Response))
#10 /Applications/MAMP/htdocs/voucher/vendor/cakephp/cakephp/src/Http/Runner.php(65): Cake\Routing\Middleware\AssetMiddleware->__invoke(Object(Cake\Http\ServerRequest), Object(Cake\Http\Response), Object(Cake\Http\Runner))
#11 /Applications/MAMP/htdocs/voucher/vendor/cakephp/cakephp/src/Error/Middleware/ErrorHandlerMiddleware.php(98): Cake\Http\Runner->__invoke(Object(Cake\Http\ServerRequest), Object(Cake\Http\Response))
#12 /Applications/MAMP/htdocs/voucher/vendor/cakephp/cakephp/src/Http/Runner.php(65): Cake\Error\Middleware\ErrorHandlerMiddleware->__invoke(Object(Cake\Http\ServerRequest), Object(Cake\Http\Response), Object(Cake\Http\Runner))
#13 /Applications/MAMP/htdocs/voucher/vendor/cakephp/cakephp/src/Http/Runner.php(51): Cake\Http\Runner->__invoke(Object(Cake\Http\ServerRequest), Object(Cake\Http\Response))
#14 /Applications/MAMP/htdocs/voucher/vendor/cakephp/cakephp/src/Http/Server.php(98): Cake\Http\Runner->run(Object(Cake\Http\MiddlewareQueue), Object(Cake\Http\ServerRequest), Object(Cake\Http\Response))
#15 /Applications/MAMP/htdocs/voucher/vendor/cakephp/cakephp/src/TestSuite/MiddlewareDispatcher.php(149): Cake\Http\Server->run(Object(Cake\Http\ServerRequest))
#16 /Applications/MAMP/htdocs/voucher/vendor/cakephp/cakephp/src/TestSuite/IntegrationTestCase.php(495): Cake\TestSuite\MiddlewareDispatcher->execute(Array)
#17 /Applications/MAMP/htdocs/voucher/vendor/cakephp/cakephp/src/TestSuite/IntegrationTestCase.php(375): Cake\TestSuite\IntegrationTestCase->_sendRequest('/pages/../Layou...', 'GET')
#18 /Applications/MAMP/htdocs/voucher/tests/TestCase/Controller/PagesControllerTest.php(93): Cake\TestSuite\IntegrationTestCase->get('/pages/../Layou...')
#19 [internal function]: App\Test\TestCase\Controller\PagesControllerTest->testDirectoryTraversalProtection()
#20 /Applications/MAMP/htdocs/voucher/vendor/phpunit/phpunit/src/Framework/TestCase.php(1062): ReflectionMethod->invokeArgs(Object(App\Test\TestCase\Controller\PagesControllerTest), Array)
#21 /Applications/MAMP/htdocs/voucher/vendor/phpunit/phpunit/src/Framework/TestCase.php(913): PHPUnit_Framework_TestCase->runTest()
#22 /Applications/MAMP/htdocs/voucher/vendor/phpunit/phpunit/src/Framework/TestResult.php(686): PHPUnit_Framework_TestCase->runBare()
#23 /Applications/MAMP/htdocs/voucher/vendor/phpunit/phpunit/src/Framework/TestCase.php(868): PHPUnit_Framework_TestResult->run(Object(App\Test\TestCase\Controller\PagesControllerTest))
#24 /Applications/MAMP/htdocs/voucher/vendor/phpunit/phpunit/src/Framework/TestSuite.php(733): PHPUnit_Framework_TestCase->run(Object(PHPUnit_Framework_TestResult))
#25 /Applications/MAMP/htdocs/voucher/vendor/phpunit/phpunit/src/Framework/TestSuite.php(733): PHPUnit_Framework_TestSuite->run(Object(PHPUnit_Framework_TestResult))
#26 /Applications/MAMP/htdocs/voucher/vendor/phpunit/phpunit/src/TextUI/TestRunner.php(517): PHPUnit_Framework_TestSuite->run(Object(PHPUnit_Framework_TestResult))
#27 /Applications/MAMP/htdocs/voucher/vendor/phpunit/phpunit/src/TextUI/Command.php(186): PHPUnit_TextUI_TestRunner->doRun(Object(PHPUnit_Framework_TestSuite), Array, true)
#28 /Applications/MAMP/htdocs/voucher/vendor/phpunit/phpunit/src/TextUI/Command.php(116): PHPUnit_TextUI_Command->run(Array, true)
#29 /Applications/MAMP/htdocs/voucher/vendor/phpunit/phpunit/phpunit(52): PHPUnit_TextUI_Command::main()
#30 {main}


2018-08-18 20:55:28 Error: [Cake\Http\Exception\NotFoundException] Not Found
Request URL: /pages/not_existing
Stack Trace:
#0 [internal function]: App\Controller\PagesController->display('not_existing')
#1 /Applications/MAMP/htdocs/voucher/vendor/friendsofcake/crud/src/Controller/ControllerTrait.php(63): call_user_func_array(Array, Array)
#2 /Applications/MAMP/htdocs/voucher/vendor/cakephp/cakephp/src/Http/ActionDispatcher.php(120): App\Controller\AppController->invokeAction()
#3 /Applications/MAMP/htdocs/voucher/vendor/cakephp/cakephp/src/Http/ActionDispatcher.php(94): Cake\Http\ActionDispatcher->_invoke(Object(App\Controller\PagesController))
#4 /Applications/MAMP/htdocs/voucher/vendor/cakephp/cakephp/src/Http/BaseApplication.php(235): Cake\Http\ActionDispatcher->dispatch(Object(Cake\Http\ServerRequest), Object(Cake\Http\Response))
#5 /Applications/MAMP/htdocs/voucher/vendor/cakephp/cakephp/src/Http/Runner.php(65): Cake\Http\BaseApplication->__invoke(Object(Cake\Http\ServerRequest), Object(Cake\Http\Response), Object(Cake\Http\Runner))
#6 /Applications/MAMP/htdocs/voucher/vendor/cakephp/cakephp/src/Http/Middleware/CsrfProtectionMiddleware.php(103): Cake\Http\Runner->__invoke(Object(Cake\Http\ServerRequest), Object(Cake\Http\Response))
#7 /Applications/MAMP/htdocs/voucher/vendor/cakephp/cakephp/src/Http/Runner.php(65): Cake\Http\Middleware\CsrfProtectionMiddleware->__invoke(Object(Cake\Http\ServerRequest), Object(Cake\Http\Response), Object(Cake\Http\Runner))
#8 /Applications/MAMP/htdocs/voucher/vendor/cakephp/cakephp/src/Routing/Middleware/RoutingMiddleware.php(156): Cake\Http\Runner->__invoke(Object(Cake\Http\ServerRequest), Object(Cake\Http\Response))
#9 /Applications/MAMP/htdocs/voucher/vendor/cakephp/cakephp/src/Http/Runner.php(65): Cake\Routing\Middleware\RoutingMiddleware->__invoke(Object(Cake\Http\ServerRequest), Object(Cake\Http\Response), Object(Cake\Http\Runner))
#10 /Applications/MAMP/htdocs/voucher/vendor/cakephp/cakephp/src/Routing/Middleware/AssetMiddleware.php(88): Cake\Http\Runner->__invoke(Object(Cake\Http\ServerRequest), Object(Cake\Http\Response))
#11 /Applications/MAMP/htdocs/voucher/vendor/cakephp/cakephp/src/Http/Runner.php(65): Cake\Routing\Middleware\AssetMiddleware->__invoke(Object(Cake\Http\ServerRequest), Object(Cake\Http\Response), Object(Cake\Http\Runner))
#12 /Applications/MAMP/htdocs/voucher/vendor/cakephp/cakephp/src/Error/Middleware/ErrorHandlerMiddleware.php(98): Cake\Http\Runner->__invoke(Object(Cake\Http\ServerRequest), Object(Cake\Http\Response))
#13 /Applications/MAMP/htdocs/voucher/vendor/cakephp/cakephp/src/Http/Runner.php(65): Cake\Error\Middleware\ErrorHandlerMiddleware->__invoke(Object(Cake\Http\ServerRequest), Object(Cake\Http\Response), Object(Cake\Http\Runner))
#14 /Applications/MAMP/htdocs/voucher/vendor/cakephp/cakephp/src/Http/Runner.php(51): Cake\Http\Runner->__invoke(Object(Cake\Http\ServerRequest), Object(Cake\Http\Response))
#15 /Applications/MAMP/htdocs/voucher/vendor/cakephp/cakephp/src/Http/Server.php(98): Cake\Http\Runner->run(Object(Cake\Http\MiddlewareQueue), Object(Cake\Http\ServerRequest), Object(Cake\Http\Response))
#16 /Applications/MAMP/htdocs/voucher/vendor/cakephp/cakephp/src/TestSuite/MiddlewareDispatcher.php(149): Cake\Http\Server->run(Object(Cake\Http\ServerRequest))
#17 /Applications/MAMP/htdocs/voucher/vendor/cakephp/cakephp/src/TestSuite/IntegrationTestCase.php(495): Cake\TestSuite\MiddlewareDispatcher->execute(Array)
#18 /Applications/MAMP/htdocs/voucher/vendor/cakephp/cakephp/src/TestSuite/IntegrationTestCase.php(375): Cake\TestSuite\IntegrationTestCase->_sendRequest('/pages/not_exis...', 'GET')
#19 /Applications/MAMP/htdocs/voucher/tests/TestCase/Controller/PagesControllerTest.php(64): Cake\TestSuite\IntegrationTestCase->get('/pages/not_exis...')
#20 [internal function]: App\Test\TestCase\Controller\PagesControllerTest->testMissingTemplate()
#21 /Applications/MAMP/htdocs/voucher/vendor/phpunit/phpunit/src/Framework/TestCase.php(1062): ReflectionMethod->invokeArgs(Object(App\Test\TestCase\Controller\PagesControllerTest), Array)
#22 /Applications/MAMP/htdocs/voucher/vendor/phpunit/phpunit/src/Framework/TestCase.php(913): PHPUnit_Framework_TestCase->runTest()
#23 /Applications/MAMP/htdocs/voucher/vendor/phpunit/phpunit/src/Framework/TestResult.php(686): PHPUnit_Framework_TestCase->runBare()
#24 /Applications/MAMP/htdocs/voucher/vendor/phpunit/phpunit/src/Framework/TestCase.php(868): PHPUnit_Framework_TestResult->run(Object(App\Test\TestCase\Controller\PagesControllerTest))
#25 /Applications/MAMP/htdocs/voucher/vendor/phpunit/phpunit/src/Framework/TestSuite.php(733): PHPUnit_Framework_TestCase->run(Object(PHPUnit_Framework_TestResult))
#26 /Applications/MAMP/htdocs/voucher/vendor/phpunit/phpunit/src/Framework/TestSuite.php(733): PHPUnit_Framework_TestSuite->run(Object(PHPUnit_Framework_TestResult))
#27 /Applications/MAMP/htdocs/voucher/vendor/phpunit/phpunit/src/TextUI/TestRunner.php(517): PHPUnit_Framework_TestSuite->run(Object(PHPUnit_Framework_TestResult))
#28 /Applications/MAMP/htdocs/voucher/vendor/phpunit/phpunit/src/TextUI/Command.php(186): PHPUnit_TextUI_TestRunner->doRun(Object(PHPUnit_Framework_TestSuite), Array, true)
#29 /Applications/MAMP/htdocs/voucher/vendor/phpunit/phpunit/src/TextUI/Command.php(116): PHPUnit_TextUI_Command->run(Array, true)
#30 /Applications/MAMP/htdocs/voucher/vendor/phpunit/phpunit/phpunit(52): PHPUnit_TextUI_Command::main()
#31 {main}


2018-08-18 20:55:28 Error: [Cake\View\Exception\MissingTemplateException] Template file "Pages/not_existing.ctp" is missing.
Exception Attributes: array (
  'file' => 'Pages/not_existing.ctp',
)
Request URL: /pages/not_existing
Stack Trace:
#0 /Applications/MAMP/htdocs/voucher/vendor/cakephp/cakephp/src/View/View.php(799): Cake\View\View->_getViewFileName('not_existing')
#1 /Applications/MAMP/htdocs/voucher/vendor/cakephp/cakephp/src/Controller/Controller.php(777): Cake\View\View->render('not_existing', NULL)
#2 /Applications/MAMP/htdocs/voucher/src/Controller/PagesController.php(61): Cake\Controller\Controller->render('not_existing')
#3 [internal function]: App\Controller\PagesController->display('not_existing')
#4 /Applications/MAMP/htdocs/voucher/vendor/friendsofcake/crud/src/Controller/ControllerTrait.php(63): call_user_func_array(Array, Array)
#5 /Applications/MAMP/htdocs/voucher/vendor/cakephp/cakephp/src/Http/ActionDispatcher.php(120): App\Controller\AppController->invokeAction()
#6 /Applications/MAMP/htdocs/voucher/vendor/cakephp/cakephp/src/Http/ActionDispatcher.php(94): Cake\Http\ActionDispatcher->_invoke(Object(App\Controller\PagesController))
#7 /Applications/MAMP/htdocs/voucher/vendor/cakephp/cakephp/src/Http/BaseApplication.php(235): Cake\Http\ActionDispatcher->dispatch(Object(Cake\Http\ServerRequest), Object(Cake\Http\Response))
#8 /Applications/MAMP/htdocs/voucher/vendor/cakephp/cakephp/src/Http/Runner.php(65): Cake\Http\BaseApplication->__invoke(Object(Cake\Http\ServerRequest), Object(Cake\Http\Response), Object(Cake\Http\Runner))
#9 /Applications/MAMP/htdocs/voucher/vendor/cakephp/cakephp/src/Http/Middleware/CsrfProtectionMiddleware.php(103): Cake\Http\Runner->__invoke(Object(Cake\Http\ServerRequest), Object(Cake\Http\Response))
#10 /Applications/MAMP/htdocs/voucher/vendor/cakephp/cakephp/src/Http/Runner.php(65): Cake\Http\Middleware\CsrfProtectionMiddleware->__invoke(Object(Cake\Http\ServerRequest), Object(Cake\Http\Response), Object(Cake\Http\Runner))
#11 /Applications/MAMP/htdocs/voucher/vendor/cakephp/cakephp/src/Routing/Middleware/RoutingMiddleware.php(156): Cake\Http\Runner->__invoke(Object(Cake\Http\ServerRequest), Object(Cake\Http\Response))
#12 /Applications/MAMP/htdocs/voucher/vendor/cakephp/cakephp/src/Http/Runner.php(65): Cake\Routing\Middleware\RoutingMiddleware->__invoke(Object(Cake\Http\ServerRequest), Object(Cake\Http\Response), Object(Cake\Http\Runner))
#13 /Applications/MAMP/htdocs/voucher/vendor/cakephp/cakephp/src/Routing/Middleware/AssetMiddleware.php(88): Cake\Http\Runner->__invoke(Object(Cake\Http\ServerRequest), Object(Cake\Http\Response))
#14 /Applications/MAMP/htdocs/voucher/vendor/cakephp/cakephp/src/Http/Runner.php(65): Cake\Routing\Middleware\AssetMiddleware->__invoke(Object(Cake\Http\ServerRequest), Object(Cake\Http\Response), Object(Cake\Http\Runner))
#15 /Applications/MAMP/htdocs/voucher/vendor/cakephp/cakephp/src/Error/Middleware/ErrorHandlerMiddleware.php(98): Cake\Http\Runner->__invoke(Object(Cake\Http\ServerRequest), Object(Cake\Http\Response))
#16 /Applications/MAMP/htdocs/voucher/vendor/cakephp/cakephp/src/Http/Runner.php(65): Cake\Error\Middleware\ErrorHandlerMiddleware->__invoke(Object(Cake\Http\ServerRequest), Object(Cake\Http\Response), Object(Cake\Http\Runner))
#17 /Applications/MAMP/htdocs/voucher/vendor/cakephp/cakephp/src/Http/Runner.php(51): Cake\Http\Runner->__invoke(Object(Cake\Http\ServerRequest), Object(Cake\Http\Response))
#18 /Applications/MAMP/htdocs/voucher/vendor/cakephp/cakephp/src/Http/Server.php(98): Cake\Http\Runner->run(Object(Cake\Http\MiddlewareQueue), Object(Cake\Http\ServerRequest), Object(Cake\Http\Response))
#19 /Applications/MAMP/htdocs/voucher/vendor/cakephp/cakephp/src/TestSuite/MiddlewareDispatcher.php(149): Cake\Http\Server->run(Object(Cake\Http\ServerRequest))
#20 /Applications/MAMP/htdocs/voucher/vendor/cakephp/cakephp/src/TestSuite/IntegrationTestCase.php(495): Cake\TestSuite\MiddlewareDispatcher->execute(Array)
#21 /Applications/MAMP/htdocs/voucher/vendor/cakephp/cakephp/src/TestSuite/IntegrationTestCase.php(375): Cake\TestSuite\IntegrationTestCase->_sendRequest('/pages/not_exis...', 'GET')
#22 /Applications/MAMP/htdocs/voucher/tests/TestCase/Controller/PagesControllerTest.php(78): Cake\TestSuite\IntegrationTestCase->get('/pages/not_exis...')
#23 [internal function]: App\Test\TestCase\Controller\PagesControllerTest->testMissingTemplateInDebug()
#24 /Applications/MAMP/htdocs/voucher/vendor/phpunit/phpunit/src/Framework/TestCase.php(1062): ReflectionMethod->invokeArgs(Object(App\Test\TestCase\Controller\PagesControllerTest), Array)
#25 /Applications/MAMP/htdocs/voucher/vendor/phpunit/phpunit/src/Framework/TestCase.php(913): PHPUnit_Framework_TestCase->runTest()
#26 /Applications/MAMP/htdocs/voucher/vendor/phpunit/phpunit/src/Framework/TestResult.php(686): PHPUnit_Framework_TestCase->runBare()
#27 /Applications/MAMP/htdocs/voucher/vendor/phpunit/phpunit/src/Framework/TestCase.php(868): PHPUnit_Framework_TestResult->run(Object(App\Test\TestCase\Controller\PagesControllerTest))
#28 /Applications/MAMP/htdocs/voucher/vendor/phpunit/phpunit/src/Framework/TestSuite.php(733): PHPUnit_Framework_TestCase->run(Object(PHPUnit_Framework_TestResult))
#29 /Applications/MAMP/htdocs/voucher/vendor/phpunit/phpunit/src/Framework/TestSuite.php(733): PHPUnit_Framework_TestSuite->run(Object(PHPUnit_Framework_TestResult))
#30 /Applications/MAMP/htdocs/voucher/vendor/phpunit/phpunit/src/TextUI/TestRunner.php(517): PHPUnit_Framework_TestSuite->run(Object(PHPUnit_Framework_TestResult))
#31 /Applications/MAMP/htdocs/voucher/vendor/phpunit/phpunit/src/TextUI/Command.php(186): PHPUnit_TextUI_TestRunner->doRun(Object(PHPUnit_Framework_TestSuite), Array, true)
#32 /Applications/MAMP/htdocs/voucher/vendor/phpunit/phpunit/src/TextUI/Command.php(116): PHPUnit_TextUI_Command->run(Array, true)
#33 /Applications/MAMP/htdocs/voucher/vendor/phpunit/phpunit/phpunit(52): PHPUnit_TextUI_Command::main()
#34 {main}


2018-08-18 20:55:28 Error: [Cake\Http\Exception\ForbiddenException] Forbidden
Request URL: /pages/../Layout/ajax
Stack Trace:
#0 [internal function]: App\Controller\PagesController->display('..', 'Layout', 'ajax')
#1 /Applications/MAMP/htdocs/voucher/vendor/friendsofcake/crud/src/Controller/ControllerTrait.php(63): call_user_func_array(Array, Array)
#2 /Applications/MAMP/htdocs/voucher/vendor/cakephp/cakephp/src/Http/ActionDispatcher.php(120): App\Controller\AppController->invokeAction()
#3 /Applications/MAMP/htdocs/voucher/vendor/cakephp/cakephp/src/Http/ActionDispatcher.php(94): Cake\Http\ActionDispatcher->_invoke(Object(App\Controller\PagesController))
#4 /Applications/MAMP/htdocs/voucher/vendor/cakephp/cakephp/src/Http/BaseApplication.php(235): Cake\Http\ActionDispatcher->dispatch(Object(Cake\Http\ServerRequest), Object(Cake\Http\Response))
#5 /Applications/MAMP/htdocs/voucher/vendor/cakephp/cakephp/src/Http/Runner.php(65): Cake\Http\BaseApplication->__invoke(Object(Cake\Http\ServerRequest), Object(Cake\Http\Response), Object(Cake\Http\Runner))
#6 /Applications/MAMP/htdocs/voucher/vendor/cakephp/cakephp/src/Http/Middleware/CsrfProtectionMiddleware.php(103): Cake\Http\Runner->__invoke(Object(Cake\Http\ServerRequest), Object(Cake\Http\Response))
#7 /Applications/MAMP/htdocs/voucher/vendor/cakephp/cakephp/src/Http/Runner.php(65): Cake\Http\Middleware\CsrfProtectionMiddleware->__invoke(Object(Cake\Http\ServerRequest), Object(Cake\Http\Response), Object(Cake\Http\Runner))
#8 /Applications/MAMP/htdocs/voucher/vendor/cakephp/cakephp/src/Routing/Middleware/RoutingMiddleware.php(156): Cake\Http\Runner->__invoke(Object(Cake\Http\ServerRequest), Object(Cake\Http\Response))
#9 /Applications/MAMP/htdocs/voucher/vendor/cakephp/cakephp/src/Http/Runner.php(65): Cake\Routing\Middleware\RoutingMiddleware->__invoke(Object(Cake\Http\ServerRequest), Object(Cake\Http\Response), Object(Cake\Http\Runner))
#10 /Applications/MAMP/htdocs/voucher/vendor/cakephp/cakephp/src/Routing/Middleware/AssetMiddleware.php(88): Cake\Http\Runner->__invoke(Object(Cake\Http\ServerRequest), Object(Cake\Http\Response))
#11 /Applications/MAMP/htdocs/voucher/vendor/cakephp/cakephp/src/Http/Runner.php(65): Cake\Routing\Middleware\AssetMiddleware->__invoke(Object(Cake\Http\ServerRequest), Object(Cake\Http\Response), Object(Cake\Http\Runner))
#12 /Applications/MAMP/htdocs/voucher/vendor/cakephp/cakephp/src/Error/Middleware/ErrorHandlerMiddleware.php(98): Cake\Http\Runner->__invoke(Object(Cake\Http\ServerRequest), Object(Cake\Http\Response))
#13 /Applications/MAMP/htdocs/voucher/vendor/cakephp/cakephp/src/Http/Runner.php(65): Cake\Error\Middleware\ErrorHandlerMiddleware->__invoke(Object(Cake\Http\ServerRequest), Object(Cake\Http\Response), Object(Cake\Http\Runner))
#14 /Applications/MAMP/htdocs/voucher/vendor/cakephp/cakephp/src/Http/Runner.php(51): Cake\Http\Runner->__invoke(Object(Cake\Http\ServerRequest), Object(Cake\Http\Response))
#15 /Applications/MAMP/htdocs/voucher/vendor/cakephp/cakephp/src/Http/Server.php(98): Cake\Http\Runner->run(Object(Cake\Http\MiddlewareQueue), Object(Cake\Http\ServerRequest), Object(Cake\Http\Response))
#16 /Applications/MAMP/htdocs/voucher/vendor/cakephp/cakephp/src/TestSuite/MiddlewareDispatcher.php(149): Cake\Http\Server->run(Object(Cake\Http\ServerRequest))
#17 /Applications/MAMP/htdocs/voucher/vendor/cakephp/cakephp/src/TestSuite/IntegrationTestCase.php(495): Cake\TestSuite\MiddlewareDispatcher->execute(Array)
#18 /Applications/MAMP/htdocs/voucher/vendor/cakephp/cakephp/src/TestSuite/IntegrationTestCase.php(375): Cake\TestSuite\IntegrationTestCase->_sendRequest('/pages/../Layou...', 'GET')
#19 /Applications/MAMP/htdocs/voucher/tests/TestCase/Controller/PagesControllerTest.php(93): Cake\TestSuite\IntegrationTestCase->get('/pages/../Layou...')
#20 [internal function]: App\Test\TestCase\Controller\PagesControllerTest->testDirectoryTraversalProtection()
#21 /Applications/MAMP/htdocs/voucher/vendor/phpunit/phpunit/src/Framework/TestCase.php(1062): ReflectionMethod->invokeArgs(Object(App\Test\TestCase\Controller\PagesControllerTest), Array)
#22 /Applications/MAMP/htdocs/voucher/vendor/phpunit/phpunit/src/Framework/TestCase.php(913): PHPUnit_Framework_TestCase->runTest()
#23 /Applications/MAMP/htdocs/voucher/vendor/phpunit/phpunit/src/Framework/TestResult.php(686): PHPUnit_Framework_TestCase->runBare()
#24 /Applications/MAMP/htdocs/voucher/vendor/phpunit/phpunit/src/Framework/TestCase.php(868): PHPUnit_Framework_TestResult->run(Object(App\Test\TestCase\Controller\PagesControllerTest))
#25 /Applications/MAMP/htdocs/voucher/vendor/phpunit/phpunit/src/Framework/TestSuite.php(733): PHPUnit_Framework_TestCase->run(Object(PHPUnit_Framework_TestResult))
#26 /Applications/MAMP/htdocs/voucher/vendor/phpunit/phpunit/src/Framework/TestSuite.php(733): PHPUnit_Framework_TestSuite->run(Object(PHPUnit_Framework_TestResult))
#27 /Applications/MAMP/htdocs/voucher/vendor/phpunit/phpunit/src/TextUI/TestRunner.php(517): PHPUnit_Framework_TestSuite->run(Object(PHPUnit_Framework_TestResult))
#28 /Applications/MAMP/htdocs/voucher/vendor/phpunit/phpunit/src/TextUI/Command.php(186): PHPUnit_TextUI_TestRunner->doRun(Object(PHPUnit_Framework_TestSuite), Array, true)
#29 /Applications/MAMP/htdocs/voucher/vendor/phpunit/phpunit/src/TextUI/Command.php(116): PHPUnit_TextUI_Command->run(Array, true)
#30 /Applications/MAMP/htdocs/voucher/vendor/phpunit/phpunit/phpunit(52): PHPUnit_TextUI_Command::main()
#31 {main}


2018-08-18 20:55:28 Error: [Cake\Core\Exception\Exception] Unable to insert fixture "App\Test\Fixture\VouchersFixture" in "App\Test\TestCase\Controller\RecipientsControllerTest" test case: 
SQLSTATE[22001]: String data, right truncated: 1406 Data too long for column 'used' at row 1 in /Applications/MAMP/htdocs/voucher/vendor/cakephp/cakephp/src/TestSuite/Fixture/FixtureManager.php on line 345
Request URL: /pages/../Layout/ajax
Stack Trace:
#0 /Applications/MAMP/htdocs/voucher/vendor/cakephp/cakephp/src/TestSuite/Fixture/FixtureManager.php(378): Cake\TestSuite\Fixture\FixtureManager->Cake\TestSuite\Fixture\{closure}(Object(Cake\Database\Connection), Array)
#1 /Applications/MAMP/htdocs/voucher/vendor/cakephp/cakephp/src/Database/Connection.php(775): Cake\TestSuite\Fixture\FixtureManager->Cake\TestSuite\Fixture\{closure}(Object(Cake\Database\Connection))
#2 /Applications/MAMP/htdocs/voucher/vendor/cakephp/cakephp/src/Core/Retry/CommandRetry.php(68): Cake\Database\Connection->Cake\Database\{closure}()
#3 /Applications/MAMP/htdocs/voucher/vendor/cakephp/cakephp/src/Database/Connection.php(784): Cake\Core\Retry\CommandRetry->run(Object(Closure))
#4 /Applications/MAMP/htdocs/voucher/vendor/cakephp/cakephp/src/TestSuite/Fixture/FixtureManager.php(379): Cake\Database\Connection->disableConstraints(Object(Closure))
#5 /Applications/MAMP/htdocs/voucher/vendor/cakephp/cakephp/src/Database/Connection.php(726): Cake\TestSuite\Fixture\FixtureManager->Cake\TestSuite\Fixture\{closure}(Object(Cake\Database\Connection))
#6 /Applications/MAMP/htdocs/voucher/vendor/cakephp/cakephp/src/TestSuite/Fixture/FixtureManager.php(380): Cake\Database\Connection->transactional(Object(Closure))
#7 /Applications/MAMP/htdocs/voucher/vendor/cakephp/cakephp/src/TestSuite/Fixture/FixtureManager.php(349): Cake\TestSuite\Fixture\FixtureManager->_runOperation(Array, Object(Closure))
#8 /Applications/MAMP/htdocs/voucher/vendor/cakephp/cakephp/src/TestSuite/Fixture/FixtureInjector.php(98): Cake\TestSuite\Fixture\FixtureManager->load(Object(App\Test\TestCase\Controller\RecipientsControllerTest))
#9 /Applications/MAMP/htdocs/voucher/vendor/phpunit/phpunit/src/Framework/TestResult.php(386): Cake\TestSuite\Fixture\FixtureInjector->startTest(Object(App\Test\TestCase\Controller\RecipientsControllerTest))
#10 /Applications/MAMP/htdocs/voucher/vendor/phpunit/phpunit/src/Framework/TestResult.php(628): PHPUnit_Framework_TestResult->startTest(Object(App\Test\TestCase\Controller\RecipientsControllerTest))
#11 /Applications/MAMP/htdocs/voucher/vendor/phpunit/phpunit/src/Framework/TestCase.php(868): PHPUnit_Framework_TestResult->run(Object(App\Test\TestCase\Controller\RecipientsControllerTest))
#12 /Applications/MAMP/htdocs/voucher/vendor/phpunit/phpunit/src/Framework/TestSuite.php(733): PHPUnit_Framework_TestCase->run(Object(PHPUnit_Framework_TestResult))
#13 /Applications/MAMP/htdocs/voucher/vendor/phpunit/phpunit/src/Framework/TestSuite.php(733): PHPUnit_Framework_TestSuite->run(Object(PHPUnit_Framework_TestResult))
#14 /Applications/MAMP/htdocs/voucher/vendor/phpunit/phpunit/src/TextUI/TestRunner.php(517): PHPUnit_Framework_TestSuite->run(Object(PHPUnit_Framework_TestResult))
#15 /Applications/MAMP/htdocs/voucher/vendor/phpunit/phpunit/src/TextUI/Command.php(186): PHPUnit_TextUI_TestRunner->doRun(Object(PHPUnit_Framework_TestSuite), Array, true)
#16 /Applications/MAMP/htdocs/voucher/vendor/phpunit/phpunit/src/TextUI/Command.php(116): PHPUnit_TextUI_Command->run(Array, true)
#17 /Applications/MAMP/htdocs/voucher/vendor/phpunit/phpunit/phpunit(52): PHPUnit_TextUI_Command::main()
#18 {main}


2018-08-18 20:57:45 Error: [Cake\Http\Exception\NotFoundException] Not Found
Request URL: /pages/not_existing
Stack Trace:
#0 [internal function]: App\Controller\PagesController->display('not_existing')
#1 /Applications/MAMP/htdocs/voucher/vendor/friendsofcake/crud/src/Controller/ControllerTrait.php(63): call_user_func_array(Array, Array)
#2 /Applications/MAMP/htdocs/voucher/vendor/cakephp/cakephp/src/Http/ActionDispatcher.php(120): App\Controller\AppController->invokeAction()
#3 /Applications/MAMP/htdocs/voucher/vendor/cakephp/cakephp/src/Http/ActionDispatcher.php(94): Cake\Http\ActionDispatcher->_invoke(Object(App\Controller\PagesController))
#4 /Applications/MAMP/htdocs/voucher/vendor/cakephp/cakephp/src/Http/BaseApplication.php(235): Cake\Http\ActionDispatcher->dispatch(Object(Cake\Http\ServerRequest), Object(Cake\Http\Response))
#5 /Applications/MAMP/htdocs/voucher/vendor/cakephp/cakephp/src/Http/Runner.php(65): Cake\Http\BaseApplication->__invoke(Object(Cake\Http\ServerRequest), Object(Cake\Http\Response), Object(Cake\Http\Runner))
#6 /Applications/MAMP/htdocs/voucher/vendor/cakephp/cakephp/src/Http/Middleware/CsrfProtectionMiddleware.php(103): Cake\Http\Runner->__invoke(Object(Cake\Http\ServerRequest), Object(Cake\Http\Response))
#7 /Applications/MAMP/htdocs/voucher/vendor/cakephp/cakephp/src/Http/Runner.php(65): Cake\Http\Middleware\CsrfProtectionMiddleware->__invoke(Object(Cake\Http\ServerRequest), Object(Cake\Http\Response), Object(Cake\Http\Runner))
#8 /Applications/MAMP/htdocs/voucher/vendor/cakephp/cakephp/src/Routing/Middleware/RoutingMiddleware.php(156): Cake\Http\Runner->__invoke(Object(Cake\Http\ServerRequest), Object(Cake\Http\Response))
#9 /Applications/MAMP/htdocs/voucher/vendor/cakephp/cakephp/src/Http/Runner.php(65): Cake\Routing\Middleware\RoutingMiddleware->__invoke(Object(Cake\Http\ServerRequest), Object(Cake\Http\Response), Object(Cake\Http\Runner))
#10 /Applications/MAMP/htdocs/voucher/vendor/cakephp/cakephp/src/Routing/Middleware/AssetMiddleware.php(88): Cake\Http\Runner->__invoke(Object(Cake\Http\ServerRequest), Object(Cake\Http\Response))
#11 /Applications/MAMP/htdocs/voucher/vendor/cakephp/cakephp/src/Http/Runner.php(65): Cake\Routing\Middleware\AssetMiddleware->__invoke(Object(Cake\Http\ServerRequest), Object(Cake\Http\Response), Object(Cake\Http\Runner))
#12 /Applications/MAMP/htdocs/voucher/vendor/cakephp/cakephp/src/Error/Middleware/ErrorHandlerMiddleware.php(98): Cake\Http\Runner->__invoke(Object(Cake\Http\ServerRequest), Object(Cake\Http\Response))
#13 /Applications/MAMP/htdocs/voucher/vendor/cakephp/cakephp/src/Http/Runner.php(65): Cake\Error\Middleware\ErrorHandlerMiddleware->__invoke(Object(Cake\Http\ServerRequest), Object(Cake\Http\Response), Object(Cake\Http\Runner))
#14 /Applications/MAMP/htdocs/voucher/vendor/cakephp/cakephp/src/Http/Runner.php(51): Cake\Http\Runner->__invoke(Object(Cake\Http\ServerRequest), Object(Cake\Http\Response))
#15 /Applications/MAMP/htdocs/voucher/vendor/cakephp/cakephp/src/Http/Server.php(98): Cake\Http\Runner->run(Object(Cake\Http\MiddlewareQueue), Object(Cake\Http\ServerRequest), Object(Cake\Http\Response))
#16 /Applications/MAMP/htdocs/voucher/vendor/cakephp/cakephp/src/TestSuite/MiddlewareDispatcher.php(149): Cake\Http\Server->run(Object(Cake\Http\ServerRequest))
#17 /Applications/MAMP/htdocs/voucher/vendor/cakephp/cakephp/src/TestSuite/IntegrationTestCase.php(495): Cake\TestSuite\MiddlewareDispatcher->execute(Array)
#18 /Applications/MAMP/htdocs/voucher/vendor/cakephp/cakephp/src/TestSuite/IntegrationTestCase.php(375): Cake\TestSuite\IntegrationTestCase->_sendRequest('/pages/not_exis...', 'GET')
#19 /Applications/MAMP/htdocs/voucher/tests/TestCase/Controller/PagesControllerTest.php(64): Cake\TestSuite\IntegrationTestCase->get('/pages/not_exis...')
#20 [internal function]: App\Test\TestCase\Controller\PagesControllerTest->testMissingTemplate()
#21 /Applications/MAMP/htdocs/voucher/vendor/phpunit/phpunit/src/Framework/TestCase.php(1062): ReflectionMethod->invokeArgs(Object(App\Test\TestCase\Controller\PagesControllerTest), Array)
#22 /Applications/MAMP/htdocs/voucher/vendor/phpunit/phpunit/src/Framework/TestCase.php(913): PHPUnit_Framework_TestCase->runTest()
#23 /Applications/MAMP/htdocs/voucher/vendor/phpunit/phpunit/src/Framework/TestResult.php(686): PHPUnit_Framework_TestCase->runBare()
#24 /Applications/MAMP/htdocs/voucher/vendor/phpunit/phpunit/src/Framework/TestCase.php(868): PHPUnit_Framework_TestResult->run(Object(App\Test\TestCase\Controller\PagesControllerTest))
#25 /Applications/MAMP/htdocs/voucher/vendor/phpunit/phpunit/src/Framework/TestSuite.php(733): PHPUnit_Framework_TestCase->run(Object(PHPUnit_Framework_TestResult))
#26 /Applications/MAMP/htdocs/voucher/vendor/phpunit/phpunit/src/Framework/TestSuite.php(733): PHPUnit_Framework_TestSuite->run(Object(PHPUnit_Framework_TestResult))
#27 /Applications/MAMP/htdocs/voucher/vendor/phpunit/phpunit/src/TextUI/TestRunner.php(517): PHPUnit_Framework_TestSuite->run(Object(PHPUnit_Framework_TestResult))
#28 /Applications/MAMP/htdocs/voucher/vendor/phpunit/phpunit/src/TextUI/Command.php(186): PHPUnit_TextUI_TestRunner->doRun(Object(PHPUnit_Framework_TestSuite), Array, true)
#29 /Applications/MAMP/htdocs/voucher/vendor/phpunit/phpunit/src/TextUI/Command.php(116): PHPUnit_TextUI_Command->run(Array, true)
#30 /Applications/MAMP/htdocs/voucher/vendor/phpunit/phpunit/phpunit(52): PHPUnit_TextUI_Command::main()
#31 {main}


2018-08-18 20:57:45 Error: [Cake\View\Exception\MissingTemplateException] Template file "Pages/not_existing.ctp" is missing.
Exception Attributes: array (
  'file' => 'Pages/not_existing.ctp',
)
Request URL: /pages/not_existing
Stack Trace:
#0 /Applications/MAMP/htdocs/voucher/vendor/cakephp/cakephp/src/View/View.php(799): Cake\View\View->_getViewFileName('not_existing')
#1 /Applications/MAMP/htdocs/voucher/vendor/cakephp/cakephp/src/Controller/Controller.php(777): Cake\View\View->render('not_existing', NULL)
#2 /Applications/MAMP/htdocs/voucher/src/Controller/PagesController.php(61): Cake\Controller\Controller->render('not_existing')
#3 [internal function]: App\Controller\PagesController->display('not_existing')
#4 /Applications/MAMP/htdocs/voucher/vendor/friendsofcake/crud/src/Controller/ControllerTrait.php(63): call_user_func_array(Array, Array)
#5 /Applications/MAMP/htdocs/voucher/vendor/cakephp/cakephp/src/Http/ActionDispatcher.php(120): App\Controller\AppController->invokeAction()
#6 /Applications/MAMP/htdocs/voucher/vendor/cakephp/cakephp/src/Http/ActionDispatcher.php(94): Cake\Http\ActionDispatcher->_invoke(Object(App\Controller\PagesController))
#7 /Applications/MAMP/htdocs/voucher/vendor/cakephp/cakephp/src/Http/BaseApplication.php(235): Cake\Http\ActionDispatcher->dispatch(Object(Cake\Http\ServerRequest), Object(Cake\Http\Response))
#8 /Applications/MAMP/htdocs/voucher/vendor/cakephp/cakephp/src/Http/Runner.php(65): Cake\Http\BaseApplication->__invoke(Object(Cake\Http\ServerRequest), Object(Cake\Http\Response), Object(Cake\Http\Runner))
#9 /Applications/MAMP/htdocs/voucher/vendor/cakephp/cakephp/src/Http/Middleware/CsrfProtectionMiddleware.php(103): Cake\Http\Runner->__invoke(Object(Cake\Http\ServerRequest), Object(Cake\Http\Response))
#10 /Applications/MAMP/htdocs/voucher/vendor/cakephp/cakephp/src/Http/Runner.php(65): Cake\Http\Middleware\CsrfProtectionMiddleware->__invoke(Object(Cake\Http\ServerRequest), Object(Cake\Http\Response), Object(Cake\Http\Runner))
#11 /Applications/MAMP/htdocs/voucher/vendor/cakephp/cakephp/src/Routing/Middleware/RoutingMiddleware.php(156): Cake\Http\Runner->__invoke(Object(Cake\Http\ServerRequest), Object(Cake\Http\Response))
#12 /Applications/MAMP/htdocs/voucher/vendor/cakephp/cakephp/src/Http/Runner.php(65): Cake\Routing\Middleware\RoutingMiddleware->__invoke(Object(Cake\Http\ServerRequest), Object(Cake\Http\Response), Object(Cake\Http\Runner))
#13 /Applications/MAMP/htdocs/voucher/vendor/cakephp/cakephp/src/Routing/Middleware/AssetMiddleware.php(88): Cake\Http\Runner->__invoke(Object(Cake\Http\ServerRequest), Object(Cake\Http\Response))
#14 /Applications/MAMP/htdocs/voucher/vendor/cakephp/cakephp/src/Http/Runner.php(65): Cake\Routing\Middleware\AssetMiddleware->__invoke(Object(Cake\Http\ServerRequest), Object(Cake\Http\Response), Object(Cake\Http\Runner))
#15 /Applications/MAMP/htdocs/voucher/vendor/cakephp/cakephp/src/Error/Middleware/ErrorHandlerMiddleware.php(98): Cake\Http\Runner->__invoke(Object(Cake\Http\ServerRequest), Object(Cake\Http\Response))
#16 /Applications/MAMP/htdocs/voucher/vendor/cakephp/cakephp/src/Http/Runner.php(65): Cake\Error\Middleware\ErrorHandlerMiddleware->__invoke(Object(Cake\Http\ServerRequest), Object(Cake\Http\Response), Object(Cake\Http\Runner))
#17 /Applications/MAMP/htdocs/voucher/vendor/cakephp/cakephp/src/Http/Runner.php(51): Cake\Http\Runner->__invoke(Object(Cake\Http\ServerRequest), Object(Cake\Http\Response))
#18 /Applications/MAMP/htdocs/voucher/vendor/cakephp/cakephp/src/Http/Server.php(98): Cake\Http\Runner->run(Object(Cake\Http\MiddlewareQueue), Object(Cake\Http\ServerRequest), Object(Cake\Http\Response))
#19 /Applications/MAMP/htdocs/voucher/vendor/cakephp/cakephp/src/TestSuite/MiddlewareDispatcher.php(149): Cake\Http\Server->run(Object(Cake\Http\ServerRequest))
#20 /Applications/MAMP/htdocs/voucher/vendor/cakephp/cakephp/src/TestSuite/IntegrationTestCase.php(495): Cake\TestSuite\MiddlewareDispatcher->execute(Array)
#21 /Applications/MAMP/htdocs/voucher/vendor/cakephp/cakephp/src/TestSuite/IntegrationTestCase.php(375): Cake\TestSuite\IntegrationTestCase->_sendRequest('/pages/not_exis...', 'GET')
#22 /Applications/MAMP/htdocs/voucher/tests/TestCase/Controller/PagesControllerTest.php(78): Cake\TestSuite\IntegrationTestCase->get('/pages/not_exis...')
#23 [internal function]: App\Test\TestCase\Controller\PagesControllerTest->testMissingTemplateInDebug()
#24 /Applications/MAMP/htdocs/voucher/vendor/phpunit/phpunit/src/Framework/TestCase.php(1062): ReflectionMethod->invokeArgs(Object(App\Test\TestCase\Controller\PagesControllerTest), Array)
#25 /Applications/MAMP/htdocs/voucher/vendor/phpunit/phpunit/src/Framework/TestCase.php(913): PHPUnit_Framework_TestCase->runTest()
#26 /Applications/MAMP/htdocs/voucher/vendor/phpunit/phpunit/src/Framework/TestResult.php(686): PHPUnit_Framework_TestCase->runBare()
#27 /Applications/MAMP/htdocs/voucher/vendor/phpunit/phpunit/src/Framework/TestCase.php(868): PHPUnit_Framework_TestResult->run(Object(App\Test\TestCase\Controller\PagesControllerTest))
#28 /Applications/MAMP/htdocs/voucher/vendor/phpunit/phpunit/src/Framework/TestSuite.php(733): PHPUnit_Framework_TestCase->run(Object(PHPUnit_Framework_TestResult))
#29 /Applications/MAMP/htdocs/voucher/vendor/phpunit/phpunit/src/Framework/TestSuite.php(733): PHPUnit_Framework_TestSuite->run(Object(PHPUnit_Framework_TestResult))
#30 /Applications/MAMP/htdocs/voucher/vendor/phpunit/phpunit/src/TextUI/TestRunner.php(517): PHPUnit_Framework_TestSuite->run(Object(PHPUnit_Framework_TestResult))
#31 /Applications/MAMP/htdocs/voucher/vendor/phpunit/phpunit/src/TextUI/Command.php(186): PHPUnit_TextUI_TestRunner->doRun(Object(PHPUnit_Framework_TestSuite), Array, true)
#32 /Applications/MAMP/htdocs/voucher/vendor/phpunit/phpunit/src/TextUI/Command.php(116): PHPUnit_TextUI_Command->run(Array, true)
#33 /Applications/MAMP/htdocs/voucher/vendor/phpunit/phpunit/phpunit(52): PHPUnit_TextUI_Command::main()
#34 {main}


2018-08-18 20:57:45 Error: [Cake\Http\Exception\ForbiddenException] Forbidden
Request URL: /pages/../Layout/ajax
Stack Trace:
#0 [internal function]: App\Controller\PagesController->display('..', 'Layout', 'ajax')
#1 /Applications/MAMP/htdocs/voucher/vendor/friendsofcake/crud/src/Controller/ControllerTrait.php(63): call_user_func_array(Array, Array)
#2 /Applications/MAMP/htdocs/voucher/vendor/cakephp/cakephp/src/Http/ActionDispatcher.php(120): App\Controller\AppController->invokeAction()
#3 /Applications/MAMP/htdocs/voucher/vendor/cakephp/cakephp/src/Http/ActionDispatcher.php(94): Cake\Http\ActionDispatcher->_invoke(Object(App\Controller\PagesController))
#4 /Applications/MAMP/htdocs/voucher/vendor/cakephp/cakephp/src/Http/BaseApplication.php(235): Cake\Http\ActionDispatcher->dispatch(Object(Cake\Http\ServerRequest), Object(Cake\Http\Response))
#5 /Applications/MAMP/htdocs/voucher/vendor/cakephp/cakephp/src/Http/Runner.php(65): Cake\Http\BaseApplication->__invoke(Object(Cake\Http\ServerRequest), Object(Cake\Http\Response), Object(Cake\Http\Runner))
#6 /Applications/MAMP/htdocs/voucher/vendor/cakephp/cakephp/src/Http/Middleware/CsrfProtectionMiddleware.php(103): Cake\Http\Runner->__invoke(Object(Cake\Http\ServerRequest), Object(Cake\Http\Response))
#7 /Applications/MAMP/htdocs/voucher/vendor/cakephp/cakephp/src/Http/Runner.php(65): Cake\Http\Middleware\CsrfProtectionMiddleware->__invoke(Object(Cake\Http\ServerRequest), Object(Cake\Http\Response), Object(Cake\Http\Runner))
#8 /Applications/MAMP/htdocs/voucher/vendor/cakephp/cakephp/src/Routing/Middleware/RoutingMiddleware.php(156): Cake\Http\Runner->__invoke(Object(Cake\Http\ServerRequest), Object(Cake\Http\Response))
#9 /Applications/MAMP/htdocs/voucher/vendor/cakephp/cakephp/src/Http/Runner.php(65): Cake\Routing\Middleware\RoutingMiddleware->__invoke(Object(Cake\Http\ServerRequest), Object(Cake\Http\Response), Object(Cake\Http\Runner))
#10 /Applications/MAMP/htdocs/voucher/vendor/cakephp/cakephp/src/Routing/Middleware/AssetMiddleware.php(88): Cake\Http\Runner->__invoke(Object(Cake\Http\ServerRequest), Object(Cake\Http\Response))
#11 /Applications/MAMP/htdocs/voucher/vendor/cakephp/cakephp/src/Http/Runner.php(65): Cake\Routing\Middleware\AssetMiddleware->__invoke(Object(Cake\Http\ServerRequest), Object(Cake\Http\Response), Object(Cake\Http\Runner))
#12 /Applications/MAMP/htdocs/voucher/vendor/cakephp/cakephp/src/Error/Middleware/ErrorHandlerMiddleware.php(98): Cake\Http\Runner->__invoke(Object(Cake\Http\ServerRequest), Object(Cake\Http\Response))
#13 /Applications/MAMP/htdocs/voucher/vendor/cakephp/cakephp/src/Http/Runner.php(65): Cake\Error\Middleware\ErrorHandlerMiddleware->__invoke(Object(Cake\Http\ServerRequest), Object(Cake\Http\Response), Object(Cake\Http\Runner))
#14 /Applications/MAMP/htdocs/voucher/vendor/cakephp/cakephp/src/Http/Runner.php(51): Cake\Http\Runner->__invoke(Object(Cake\Http\ServerRequest), Object(Cake\Http\Response))
#15 /Applications/MAMP/htdocs/voucher/vendor/cakephp/cakephp/src/Http/Server.php(98): Cake\Http\Runner->run(Object(Cake\Http\MiddlewareQueue), Object(Cake\Http\ServerRequest), Object(Cake\Http\Response))
#16 /Applications/MAMP/htdocs/voucher/vendor/cakephp/cakephp/src/TestSuite/MiddlewareDispatcher.php(149): Cake\Http\Server->run(Object(Cake\Http\ServerRequest))
#17 /Applications/MAMP/htdocs/voucher/vendor/cakephp/cakephp/src/TestSuite/IntegrationTestCase.php(495): Cake\TestSuite\MiddlewareDispatcher->execute(Array)
#18 /Applications/MAMP/htdocs/voucher/vendor/cakephp/cakephp/src/TestSuite/IntegrationTestCase.php(375): Cake\TestSuite\IntegrationTestCase->_sendRequest('/pages/../Layou...', 'GET')
#19 /Applications/MAMP/htdocs/voucher/tests/TestCase/Controller/PagesControllerTest.php(93): Cake\TestSuite\IntegrationTestCase->get('/pages/../Layou...')
#20 [internal function]: App\Test\TestCase\Controller\PagesControllerTest->testDirectoryTraversalProtection()
#21 /Applications/MAMP/htdocs/voucher/vendor/phpunit/phpunit/src/Framework/TestCase.php(1062): ReflectionMethod->invokeArgs(Object(App\Test\TestCase\Controller\PagesControllerTest), Array)
#22 /Applications/MAMP/htdocs/voucher/vendor/phpunit/phpunit/src/Framework/TestCase.php(913): PHPUnit_Framework_TestCase->runTest()
#23 /Applications/MAMP/htdocs/voucher/vendor/phpunit/phpunit/src/Framework/TestResult.php(686): PHPUnit_Framework_TestCase->runBare()
#24 /Applications/MAMP/htdocs/voucher/vendor/phpunit/phpunit/src/Framework/TestCase.php(868): PHPUnit_Framework_TestResult->run(Object(App\Test\TestCase\Controller\PagesControllerTest))
#25 /Applications/MAMP/htdocs/voucher/vendor/phpunit/phpunit/src/Framework/TestSuite.php(733): PHPUnit_Framework_TestCase->run(Object(PHPUnit_Framework_TestResult))
#26 /Applications/MAMP/htdocs/voucher/vendor/phpunit/phpunit/src/Framework/TestSuite.php(733): PHPUnit_Framework_TestSuite->run(Object(PHPUnit_Framework_TestResult))
#27 /Applications/MAMP/htdocs/voucher/vendor/phpunit/phpunit/src/TextUI/TestRunner.php(517): PHPUnit_Framework_TestSuite->run(Object(PHPUnit_Framework_TestResult))
#28 /Applications/MAMP/htdocs/voucher/vendor/phpunit/phpunit/src/TextUI/Command.php(186): PHPUnit_TextUI_TestRunner->doRun(Object(PHPUnit_Framework_TestSuite), Array, true)
#29 /Applications/MAMP/htdocs/voucher/vendor/phpunit/phpunit/src/TextUI/Command.php(116): PHPUnit_TextUI_Command->run(Array, true)
#30 /Applications/MAMP/htdocs/voucher/vendor/phpunit/phpunit/phpunit(52): PHPUnit_TextUI_Command::main()
#31 {main}


